<?xml version="1.0" encoding="UTF-8"?>
<!-- Generated by org.testng.reporters.JUnitReportReporter -->
<testsuite hostname="LAPTOP-VLLNHLMJ" failures="0" tests="1" name="TestCases" time="17.371" errors="0" timestamp="2025-05-29T18:10:02 GMT+03:00" skipped="0">
  <testcase classname="TestCases" name="Search_for_Accommodations" time="17.371"/>
  <system-out/>
</testsuite> <!-- TestCases -->
