<?xml version="1.0" encoding="UTF-8"?>
<!-- Generated by org.testng.reporters.JUnitReportReporter -->
<testsuite hostname="LAPTOP-VLLNHLMJ" failures="0" tests="9" name="TestCases" time="130.311" errors="0" timestamp="2025-05-31T16:18:34 GMT+03:00" skipped="0">
  <testcase classname="TestCases" name="Search_for_Accommodations" time="4.987"/>
  <system-out/>
  <testcase classname="TestCases" name="CheckInDate_CheckOutDate" time="1.738"/>
  <system-out/>
  <testcase classname="TestCases" name="Visitors_Rooms_Children" time="19.722"/>
  <system-out/>
  <testcase classname="TestCases" name="NavigateToAccommodationDetails" time="18.207"/>
  <system-out/>
  <testcase classname="TestCases" name="setRandomPriceFilter" time="6.346"/>
  <system-out/>
  <testcase classname="TestCases" name="sortByRating" time="2.708"/>
  <system-out/>
  <testcase classname="TestCases" name="BookingProcess" time="15.481"/>
  <system-out/>
  <testcase classname="TestCases" name="PaymentDetails" time="20.622"/>
  <system-out/>
  <testcase classname="TestCases" name="CorrectPayment" time="40.500"/>
  <system-out/>
</testsuite> <!-- TestCases -->
