<?xml version="1.0" encoding="UTF-8"?>
<!-- Generated by org.testng.reporters.JUnitReportReporter -->
<testsuite hostname="LAPTOP-VLLNHLMJ" failures="0" tests="4" name="TestCases" time="26.412" errors="0" timestamp="2025-05-30T05:06:19 GMT+03:00" skipped="0">
  <testcase classname="TestCases" name="Search_for_Accommodations" time="5.132"/>
  <system-out/>
  <testcase classname="TestCases" name="CheckInDate_CheckOutDate" time="0.993"/>
  <system-out/>
  <testcase classname="TestCases" name="Visitors_Rooms_Children" time="9.693"/>
  <system-out/>
  <testcase classname="TestCases" name="NavigateToAccommodationDetails" time="10.594"/>
  <system-out/>
</testsuite> <!-- TestCases -->
