<?xml version="1.0" encoding="UTF-8"?>
<!-- Generated by org.testng.reporters.JUnitReportReporter -->
<testsuite hostname="LAPTOP-VLLNHLMJ" failures="0" tests="1" name="TestCases" time="24.544" errors="0" timestamp="2025-05-30T03:44:03 GMT+03:00" skipped="0">
  <testcase classname="TestCases" name="Search_for_Accommodations" time="24.544"/>
  <system-out/>
</testsuite> <!-- TestCases -->
