<?xml version="1.0" encoding="UTF-8"?>
<!-- Generated by org.testng.reporters.JUnitReportReporter -->
<testsuite hostname="LAPTOP-VLLNHLMJ" failures="0" tests="6" name="TestCases" time="63.383" errors="0" timestamp="2025-05-30T16:30:00 GMT+03:00" skipped="0">
  <testcase classname="TestCases" name="Search_for_Accommodations" time="7.685"/>
  <system-out/>
  <testcase classname="TestCases" name="CheckInDate_CheckOutDate" time="1.662"/>
  <system-out/>
  <testcase classname="TestCases" name="Visitors_Rooms_Children" time="20.171"/>
  <system-out/>
  <testcase classname="TestCases" name="NavigateToAccommodationDetails" time="19.151"/>
  <system-out/>
  <testcase classname="TestCases" name="setRandomPriceFilter" time="7.511"/>
  <system-out/>
  <testcase classname="TestCases" name="sortByRating" time="7.203"/>
  <system-out/>
</testsuite> <!-- TestCases -->
